<?xml version="1.0" encoding="UTF-8"?>
<!-- Generated by org.testng.reporters.JUnitReportReporter -->
<testsuite skipped="0" hostname="DESKTOP-OP8NEPT" name="All_API_List.TC023_POST_OrderDetails_CustomerSide" tests="5" failures="0" timestamp="2022-02-28T10:37:26 IST" time="0.569" errors="0">
  <testcase name="POSTOrderDetailsCustomerSide" time="0.104" classname="All_API_List.TC023_POST_OrderDetails_CustomerSide"/>
  <system-out/>
  <testcase name="POSTOrderDetailsCustomerSide" time="0.149" classname="All_API_List.TC023_POST_OrderDetails_CustomerSide"/>
  <system-out/>
  <testcase name="POSTOrderDetailsCustomerSide" time="0.144" classname="All_API_List.TC023_POST_OrderDetails_CustomerSide"/>
  <system-out/>
  <testcase name="POSTOrderDetailsCustomerSide" time="0.070" classname="All_API_List.TC023_POST_OrderDetails_CustomerSide"/>
  <system-out/>
  <testcase name="POSTOrderDetailsCustomerSide" time="0.102" classname="All_API_List.TC023_POST_OrderDetails_CustomerSide"/>
  <system-out/>
</testsuite> <!-- All_API_List.TC023_POST_OrderDetails_CustomerSide -->
