<?xml version="1.0" encoding="UTF-8"?>
<!-- Generated by org.testng.reporters.JUnitReportReporter -->
<testsuite skipped="0" hostname="DESKTOP-OP8NEPT" name="All_API_List.TC013_POST_ServiceRequest" tests="2" failures="0" timestamp="2022-02-28T10:37:26 IST" time="1.173" errors="0">
  <testcase name="POSTServiceRequest" time="0.655" classname="All_API_List.TC013_POST_ServiceRequest"/>
  <system-out/>
  <testcase name="POSTServiceRequest" time="0.518" classname="All_API_List.TC013_POST_ServiceRequest"/>
  <system-out/>
</testsuite> <!-- All_API_List.TC013_POST_ServiceRequest -->
