<?xml version="1.0" encoding="UTF-8"?>
<!-- Generated by org.testng.reporters.JUnitReportReporter -->
<testsuite skipped="0" hostname="DESKTOP-OP8NEPT" name="All_API_List.TC023_POST_OrderDetails_PartnerSide" tests="4" failures="0" timestamp="2022-02-28T10:37:26 IST" time="1.165" errors="0">
  <testcase name="POSTOrderDetails_PartnerSide" time="0.063" classname="All_API_List.TC023_POST_OrderDetails_PartnerSide"/>
  <system-out/>
  <testcase name="POSTOrderDetails_PartnerSide" time="0.069" classname="All_API_List.TC023_POST_OrderDetails_PartnerSide"/>
  <system-out/>
  <testcase name="POSTOrderDetails_PartnerSide" time="0.071" classname="All_API_List.TC023_POST_OrderDetails_PartnerSide"/>
  <system-out/>
  <testcase name="POSTOrderDetails_PartnerSide" time="0.962" classname="All_API_List.TC023_POST_OrderDetails_PartnerSide"/>
  <system-out/>
</testsuite> <!-- All_API_List.TC023_POST_OrderDetails_PartnerSide -->
