<?xml version="1.0" encoding="UTF-8"?>
<!-- Generated by org.testng.reporters.JUnitReportReporter -->
<testsuite skipped="0" hostname="DESKTOP-OP8NEPT" name="Custom_Room.TC006_POST_AddCustomRoom" tests="1" failures="0" timestamp="2022-02-28T10:37:26 IST" time="0.370" errors="0">
  <testcase name="POSTAddCustomRoom" time="0.370" classname="Custom_Room.TC006_POST_AddCustomRoom"/>
  <system-out/>
</testsuite> <!-- Custom_Room.TC006_POST_AddCustomRoom -->
