<?xml version="1.0" encoding="UTF-8"?>
<!-- Generated by org.testng.reporters.JUnitReportReporter -->
<testsuite skipped="0" hostname="DESKTOP-OP8NEPT" name="All_API_List.TC024_POST_JobDetails_CustomerSide" tests="4" failures="0" timestamp="2022-02-28T10:37:26 IST" time="0.629" errors="0">
  <testcase name="POSTJobDetailsCustomerSide" time="0.139" classname="All_API_List.TC024_POST_JobDetails_CustomerSide"/>
  <system-out/>
  <testcase name="POSTJobDetailsCustomerSide" time="0.179" classname="All_API_List.TC024_POST_JobDetails_CustomerSide"/>
  <system-out/>
  <testcase name="POSTJobDetailsCustomerSide" time="0.152" classname="All_API_List.TC024_POST_JobDetails_CustomerSide"/>
  <system-out/>
  <testcase name="POSTJobDetailsCustomerSide" time="0.159" classname="All_API_List.TC024_POST_JobDetails_CustomerSide"/>
  <system-out/>
</testsuite> <!-- All_API_List.TC024_POST_JobDetails_CustomerSide -->
