<?xml version="1.0" encoding="UTF-8"?>
<!-- Generated by org.testng.reporters.JUnitReportReporter -->
<testsuite skipped="0" hostname="DESKTOP-OP8NEPT" name="All_API_List.TC012_GET_HomeDetailsKeys" tests="2" failures="0" timestamp="2022-02-28T10:37:26 IST" time="1.580" errors="0">
  <testcase name="GETHomeDetailsKeys" time="1.040" classname="All_API_List.TC012_GET_HomeDetailsKeys"/>
  <system-out/>
  <testcase name="GETHomeDetailsKeys" time="0.540" classname="All_API_List.TC012_GET_HomeDetailsKeys"/>
  <system-out/>
</testsuite> <!-- All_API_List.TC012_GET_HomeDetailsKeys -->
