<?xml version="1.0" encoding="UTF-8"?>
<!-- Generated by org.testng.reporters.JUnitReportReporter -->
<testsuite skipped="0" hostname="DESKTOP-OP8NEPT" name="All_API_List.TC004_GET_Metadata" tests="2" failures="0" timestamp="2022-02-28T10:37:26 IST" time="0.840" errors="0">
  <testcase name="GETMetadata" time="0.437" classname="All_API_List.TC004_GET_Metadata"/>
  <system-out/>
  <testcase name="GETMetadata" time="0.403" classname="All_API_List.TC004_GET_Metadata"/>
  <system-out/>
</testsuite> <!-- All_API_List.TC004_GET_Metadata -->
