<?xml version="1.0" encoding="UTF-8"?>
<!-- Generated by org.testng.reporters.JUnitReportReporter -->
<testsuite skipped="0" hostname="DESKTOP-OP8NEPT" name="Custom_Addon.TC007_POST_SubmitPrice" tests="1" failures="0" timestamp="2022-02-28T10:37:26 IST" time="0.040" errors="0">
  <testcase name="POSTSubmitPrice" time="0.040" classname="Custom_Addon.TC007_POST_SubmitPrice"/>
  <system-out/>
</testsuite> <!-- Custom_Addon.TC007_POST_SubmitPrice -->
