<?xml version="1.0" encoding="UTF-8"?>
<!-- Generated by org.testng.reporters.JUnitReportReporter -->
<testsuite skipped="0" hostname="DESKTOP-OP8NEPT" name="All_API_List.TC022_POST_OrderList_CustomerSide" tests="2" failures="0" timestamp="2022-02-28T10:37:26 IST" time="0.122" errors="0">
  <testcase name="POSTOrderListCustomerSide" time="0.075" classname="All_API_List.TC022_POST_OrderList_CustomerSide"/>
  <system-out/>
  <testcase name="POSTOrderListCustomerSide" time="0.047" classname="All_API_List.TC022_POST_OrderList_CustomerSide"/>
  <system-out/>
</testsuite> <!-- All_API_List.TC022_POST_OrderList_CustomerSide -->
