<?xml version="1.0" encoding="UTF-8"?>
<!-- Generated by org.testng.reporters.JUnitReportReporter -->
<testsuite skipped="0" hostname="DESKTOP-OP8NEPT" name="Custom_Addon.TC001_POST_AddCustomAddon" tests="2" failures="0" timestamp="2022-02-28T10:37:26 IST" time="0.906" errors="0">
  <testcase name="POSTAddCustomAddon" time="0.540" classname="Custom_Addon.TC001_POST_AddCustomAddon"/>
  <system-out/>
  <testcase name="POSTAddCustomAddon" time="0.366" classname="Custom_Addon.TC001_POST_AddCustomAddon"/>
  <system-out/>
</testsuite> <!-- Custom_Addon.TC001_POST_AddCustomAddon -->
