<?xml version="1.0" encoding="UTF-8"?>
<!-- Generated by org.testng.reporters.JUnitReportReporter -->
<testsuite skipped="0" hostname="DESKTOP-OP8NEPT" name="All_API_List.TC014_POST_ChecklistAddonList" tests="3" failures="0" timestamp="2022-02-28T10:37:26 IST" time="15.268" errors="0">
  <testcase name="POSTChecklistAddonList" time="4.694" classname="All_API_List.TC014_POST_ChecklistAddonList"/>
  <system-out/>
  <testcase name="POSTChecklistAddonList" time="4.735" classname="All_API_List.TC014_POST_ChecklistAddonList"/>
  <system-out/>
  <testcase name="POSTChecklistAddonList" time="5.839" classname="All_API_List.TC014_POST_ChecklistAddonList"/>
  <system-out/>
</testsuite> <!-- All_API_List.TC014_POST_ChecklistAddonList -->
