<?xml version="1.0" encoding="UTF-8"?>
<!-- Generated by org.testng.reporters.JUnitReportReporter -->
<testsuite skipped="0" hostname="DESKTOP-OP8NEPT" name="All_API_List.TC036_POST_NewAddonRequestPayment" tests="1" failures="0" timestamp="2022-02-28T10:37:26 IST" time="0.092" errors="0">
  <testcase name="POSTNewAddonRequestReject" time="0.092" classname="All_API_List.TC036_POST_NewAddonRequestPayment"/>
  <system-out/>
</testsuite> <!-- All_API_List.TC036_POST_NewAddonRequestPayment -->
