<?xml version="1.0" encoding="UTF-8"?>
<!-- Generated by org.testng.reporters.JUnitReportReporter -->
<testsuite skipped="0" hostname="DESKTOP-OP8NEPT" name="Custom_Addon.TC004_POST_GetCustomAddonDetails_ManagerSide" tests="2" failures="0" timestamp="2022-02-28T10:37:26 IST" time="0.275" errors="0">
  <testcase name="POSTGetCustomAddonDetails_ManagerSide" time="0.024" classname="Custom_Addon.TC004_POST_GetCustomAddonDetails_ManagerSide"/>
  <system-out/>
  <testcase name="POSTGetCustomAddonDetails_ManagerSide" time="0.251" classname="Custom_Addon.TC004_POST_GetCustomAddonDetails_ManagerSide"/>
  <system-out/>
</testsuite> <!-- Custom_Addon.TC004_POST_GetCustomAddonDetails_ManagerSide -->
