<?xml version="1.0" encoding="UTF-8"?>
<!-- Generated by org.testng.reporters.JUnitReportReporter -->
<testsuite skipped="0" hostname="DESKTOP-OP8NEPT" name="All_API_List.TC032_POST_NewAddonRequest" tests="1" failures="0" timestamp="2022-02-28T10:37:26 IST" time="0.245" errors="0">
  <testcase name="POSTNewAddonRequest" time="0.245" classname="All_API_List.TC032_POST_NewAddonRequest"/>
  <system-out/>
</testsuite> <!-- All_API_List.TC032_POST_NewAddonRequest -->
