<?xml version="1.0" encoding="UTF-8"?>
<!-- Generated by org.testng.reporters.JUnitReportReporter -->
<testsuite skipped="0" hostname="DESKTOP-OP8NEPT" name="All_API_List.TC025_POST_OrderHistory_CustomerSide" tests="5" failures="0" timestamp="2022-02-28T10:37:26 IST" time="0.429" errors="0">
  <testcase name="POSTOrderHistoryCustomerSide" time="0.073" classname="All_API_List.TC025_POST_OrderHistory_CustomerSide"/>
  <system-out/>
  <testcase name="POSTOrderHistoryCustomerSide" time="0.081" classname="All_API_List.TC025_POST_OrderHistory_CustomerSide"/>
  <system-out/>
  <testcase name="POSTOrderHistoryCustomerSide" time="0.086" classname="All_API_List.TC025_POST_OrderHistory_CustomerSide"/>
  <system-out/>
  <testcase name="POSTOrderHistoryCustomerSide" time="0.098" classname="All_API_List.TC025_POST_OrderHistory_CustomerSide"/>
  <system-out/>
  <testcase name="POSTOrderHistoryCustomerSide" time="0.091" classname="All_API_List.TC025_POST_OrderHistory_CustomerSide"/>
  <system-out/>
</testsuite> <!-- All_API_List.TC025_POST_OrderHistory_CustomerSide -->
