<?xml version="1.0" encoding="UTF-8"?>
<!-- Generated by org.testng.reporters.JUnitReportReporter -->
<testsuite skipped="0" hostname="DESKTOP-OP8NEPT" name="All_API_List.TC022_POST_OrderList_PartnerSide" tests="3" failures="0" timestamp="2022-02-28T10:37:26 IST" time="0.181" errors="0">
  <testcase name="POSTOrderListPartnerSide" time="0.071" classname="All_API_List.TC022_POST_OrderList_PartnerSide"/>
  <system-out/>
  <testcase name="POSTOrderListPartnerSide" time="0.044" classname="All_API_List.TC022_POST_OrderList_PartnerSide"/>
  <system-out/>
  <testcase name="POSTOrderListPartnerSide" time="0.066" classname="All_API_List.TC022_POST_OrderList_PartnerSide"/>
  <system-out/>
</testsuite> <!-- All_API_List.TC022_POST_OrderList_PartnerSide -->
