<?xml version="1.0" encoding="UTF-8"?>
<!-- Generated by org.testng.reporters.JUnitReportReporter -->
<testsuite skipped="0" hostname="DESKTOP-OP8NEPT" name="All_API_List.TC009_GET_NotificationCount" tests="3" failures="0" timestamp="2022-02-28T10:37:26 IST" time="0.153" errors="0">
  <testcase name="GETNotificationCount" time="0.023" classname="All_API_List.TC009_GET_NotificationCount"/>
  <system-out/>
  <testcase name="GETNotificationCount" time="0.068" classname="All_API_List.TC009_GET_NotificationCount"/>
  <system-out/>
  <testcase name="GETNotificationCount" time="0.062" classname="All_API_List.TC009_GET_NotificationCount"/>
  <system-out/>
</testsuite> <!-- All_API_List.TC009_GET_NotificationCount -->
