<?xml version="1.0" encoding="UTF-8"?>
<!-- Generated by org.testng.reporters.JUnitReportReporter -->
<testsuite skipped="0" hostname="DESKTOP-OP8NEPT" name="All_API_List.TC037_POST_ChangeOrderStatus_FINISHED" tests="1" failures="0" timestamp="2022-02-28T10:37:26 IST" time="7.037" errors="0">
  <testcase name="POSTChangeOrderStatus_FINISHED" time="7.037" classname="All_API_List.TC037_POST_ChangeOrderStatus_FINISHED"/>
  <system-out/>
</testsuite> <!-- All_API_List.TC037_POST_ChangeOrderStatus_FINISHED -->
