<?xml version="1.0" encoding="UTF-8"?>
<!-- Generated by org.testng.reporters.JUnitReportReporter -->
<testsuite skipped="0" hostname="DESKTOP-OP8NEPT" name="Event_API_List.TC004_POST_GetHomeDetailsForEventOrder" tests="2" failures="0" timestamp="2022-02-28T10:37:26 IST" time="0.110" errors="0">
  <testcase name="POSTGetHomeDetailsForEventOrder" time="0.080" classname="Event_API_List.TC004_POST_GetHomeDetailsForEventOrder"/>
  <system-out/>
  <testcase name="POSTGetHomeDetailsForEventOrder" time="0.030" classname="Event_API_List.TC004_POST_GetHomeDetailsForEventOrder"/>
  <system-out/>
</testsuite> <!-- Event_API_List.TC004_POST_GetHomeDetailsForEventOrder -->
