<?xml version="1.0" encoding="UTF-8"?>
<!-- Generated by org.testng.reporters.JUnitReportReporter -->
<testsuite skipped="0" hostname="DESKTOP-OP8NEPT" name="All_API_List.TC025_POST_OrderHistory_PartnerSide" tests="4" failures="0" timestamp="2022-02-28T10:37:26 IST" time="0.734" errors="0">
  <testcase name="POSTOrderHistoryPartnerSide" time="0.498" classname="All_API_List.TC025_POST_OrderHistory_PartnerSide"/>
  <system-out/>
  <testcase name="POSTOrderHistoryPartnerSide" time="0.092" classname="All_API_List.TC025_POST_OrderHistory_PartnerSide"/>
  <system-out/>
  <testcase name="POSTOrderHistoryPartnerSide" time="0.087" classname="All_API_List.TC025_POST_OrderHistory_PartnerSide"/>
  <system-out/>
  <testcase name="POSTOrderHistoryPartnerSide" time="0.057" classname="All_API_List.TC025_POST_OrderHistory_PartnerSide"/>
  <system-out/>
</testsuite> <!-- All_API_List.TC025_POST_OrderHistory_PartnerSide -->
