<?xml version="1.0" encoding="UTF-8"?>
<!-- Generated by org.testng.reporters.JUnitReportReporter -->
<testsuite skipped="0" hostname="DESKTOP-OP8NEPT" name="All_API_List.TC024_POST_JobDetails_PartnerSide" tests="4" failures="0" timestamp="2022-02-28T10:37:26 IST" time="0.617" errors="0">
  <testcase name="POSTJobDetailsPartnerSide" time="0.181" classname="All_API_List.TC024_POST_JobDetails_PartnerSide"/>
  <system-out/>
  <testcase name="POSTJobDetailsPartnerSide" time="0.149" classname="All_API_List.TC024_POST_JobDetails_PartnerSide"/>
  <system-out/>
  <testcase name="POSTJobDetailsPartnerSide" time="0.141" classname="All_API_List.TC024_POST_JobDetails_PartnerSide"/>
  <system-out/>
  <testcase name="POSTJobDetailsPartnerSide" time="0.146" classname="All_API_List.TC024_POST_JobDetails_PartnerSide"/>
  <system-out/>
</testsuite> <!-- All_API_List.TC024_POST_JobDetails_PartnerSide -->
