<?xml version="1.0" encoding="UTF-8"?>
<!-- Generated by org.testng.reporters.JUnitReportReporter -->
<testsuite skipped="0" hostname="DESKTOP-OP8NEPT" name="All_API_List.TC033_POST_NewAddonRequestView" tests="2" failures="0" timestamp="2022-02-28T10:37:26 IST" time="0.094" errors="0">
  <testcase name="POSTNewAddonRequestView" time="0.048" classname="All_API_List.TC033_POST_NewAddonRequestView"/>
  <system-out/>
  <testcase name="POSTNewAddonRequestView" time="0.046" classname="All_API_List.TC033_POST_NewAddonRequestView"/>
  <system-out/>
</testsuite> <!-- All_API_List.TC033_POST_NewAddonRequestView -->
