<?xml version="1.0" encoding="UTF-8"?>
<!-- Generated by org.testng.reporters.JUnitReportReporter -->
<testsuite skipped="0" hostname="DESKTOP-OP8NEPT" name="All_API_List.TC027_POST_ProviderAcceptOrder" tests="2" failures="0" timestamp="2022-02-28T10:37:26 IST" time="0.275" errors="0">
  <testcase name="POSTProviderAcceptOrder" time="0.139" classname="All_API_List.TC027_POST_ProviderAcceptOrder"/>
  <system-out/>
  <testcase name="POSTProviderAcceptOrder" time="0.136" classname="All_API_List.TC027_POST_ProviderAcceptOrder"/>
  <system-out/>
</testsuite> <!-- All_API_List.TC027_POST_ProviderAcceptOrder -->
