<?xml version="1.0" encoding="UTF-8"?>
<!-- Generated by org.testng.reporters.JUnitReportReporter -->
<testsuite skipped="0" hostname="DESKTOP-OP8NEPT" name="Event_API_List.TC007_POST_AvailableProvider" tests="1" failures="0" timestamp="2022-02-28T10:37:26 IST" time="0.065" errors="0">
  <testcase name="POSTAvailableProvider" time="0.065" classname="Event_API_List.TC007_POST_AvailableProvider"/>
  <system-out/>
</testsuite> <!-- Event_API_List.TC007_POST_AvailableProvider -->
