<?xml version="1.0" encoding="UTF-8"?>
<!-- Generated by org.testng.reporters.JUnitReportReporter -->
<testsuite skipped="0" hostname="DESKTOP-OP8NEPT" name="Event_API_List.TC005_POST_ListHomeDetailsForEventOrder" tests="2" failures="0" timestamp="2022-02-28T10:37:26 IST" time="0.083" errors="0">
  <testcase name="POSTListHomeDetailsForEventOrder" time="0.026" classname="Event_API_List.TC005_POST_ListHomeDetailsForEventOrder"/>
  <system-out/>
  <testcase name="POSTListHomeDetailsForEventOrder" time="0.057" classname="Event_API_List.TC005_POST_ListHomeDetailsForEventOrder"/>
  <system-out/>
</testsuite> <!-- Event_API_List.TC005_POST_ListHomeDetailsForEventOrder -->
